Flow report for counter3
Tue Apr 19 10:32:37 2022
Quartus II 64-Bit Version 13.0.0 Build 156 04/24/2013 SJ Web Edition


---------------------
; Table of Contents ;
---------------------
  1. Legal Notice
  2. Flow Summary
  3. Flow Settings
  4. Flow Non-Default Global Settings
  5. Flow Elapsed Time
  6. Flow OS Summary
  7. Flow Log
  8. Flow Messages
  9. Flow Suppressed Messages



----------------
; Legal Notice ;
----------------
Copyright (C) 1991-2013 Altera Corporation
Your use of Altera Corporation's design tools, logic functions 
and other software and tools, and its AMPP partner logic 
functions, and any output files from any of the foregoing 
(including device programming or simulation files), and any 
associated documentation or information are expressly subject 
to the terms and conditions of the Altera Program License 
Subscription Agreement, Altera MegaCore Function License 
Agreement, or other applicable license agreement, including, 
without limitation, that your use is for the sole purpose of 
programming logic devices manufactured by Altera and sold by 
Altera or its authorized distributors.  Please refer to the 
applicable agreement for further details.



+---------------------------------------------------------------------------------+
; Flow Summary                                                                    ;
+------------------------------------+--------------------------------------------+
; Flow Status                        ; Successful - Tue Apr 19 10:32:37 2022      ;
; Quartus II 64-Bit Version          ; 13.0.0 Build 156 04/24/2013 SJ Web Edition ;
; Revision Name                      ; counter3                                   ;
; Top-level Entity Name              ; counter3                                   ;
; Family                             ; Cyclone II                                 ;
; Device                             ; EP2C35F672C6                               ;
; Timing Models                      ; Final                                      ;
; Total logic elements               ; 10 / 33,216 ( < 1 % )                      ;
;     Total combinational functions  ; 10 / 33,216 ( < 1 % )                      ;
;     Dedicated logic registers      ; 3 / 33,216 ( < 1 % )                       ;
; Total registers                    ; 3                                          ;
; Total pins                         ; 10 / 475 ( 2 % )                           ;
; Total virtual pins                 ; 0                                          ;
; Total memory bits                  ; 0 / 483,840 ( 0 % )                        ;
; Embedded Multiplier 9-bit elements ; 0 / 70 ( 0 % )                             ;
; Total PLLs                         ; 0 / 4 ( 0 % )                              ;
+------------------------------------+--------------------------------------------+


+-----------------------------------------+
; Flow Settings                           ;
+-------------------+---------------------+
; Option            ; Setting             ;
+-------------------+---------------------+
; Start date & time ; 04/19/2022 10:30:32 ;
; Main task         ; Compilation         ;
; Revision Name     ; counter3            ;
+-------------------+---------------------+


+---------------------------------------------------------------------------------------------------------------------+
; Flow Non-Default Global Settings                                                                                    ;
+-------------------------------------+--------------------------------+---------------+-------------+----------------+
; Assignment Name                     ; Value                          ; Default Value ; Entity Name ; Section Id     ;
+-------------------------------------+--------------------------------+---------------+-------------+----------------+
; COMPILER_SIGNATURE_ID               ; 18587653859083.165037503215624 ; --            ; --          ; --             ;
; EDA_GENERATE_FUNCTIONAL_NETLIST     ; On                             ; --            ; --          ; eda_simulation ;
; EDA_OUTPUT_DATA_FORMAT              ; Verilog Hdl                    ; --            ; --          ; eda_simulation ;
; EDA_SIMULATION_TOOL                 ; ModelSim-Altera (Verilog)      ; <None>        ; --          ; --             ;
; MAX_CORE_JUNCTION_TEMP              ; 85                             ; --            ; --          ; --             ;
; MIN_CORE_JUNCTION_TEMP              ; 0                              ; --            ; --          ; --             ;
; PARTITION_COLOR                     ; 16764057                       ; --            ; --          ; Top            ;
; PARTITION_FITTER_PRESERVATION_LEVEL ; PLACEMENT_AND_ROUTING          ; --            ; --          ; Top            ;
; PARTITION_NETLIST_TYPE              ; SOURCE                         ; --            ; --          ; Top            ;
; PROJECT_OUTPUT_DIRECTORY            ; output_files                   ; --            ; --          ; --             ;
+-------------------------------------+--------------------------------+---------------+-------------+----------------+


+-------------------------------------------------------------------------------------------------------------------------------+
; Flow Elapsed Time                                                                                                             ;
+---------------------------+--------------+-------------------------+---------------------+------------------------------------+
; Module Name               ; Elapsed Time ; Average Processors Used ; Peak Virtual Memory ; Total CPU Time (on all processors) ;
+---------------------------+--------------+-------------------------+---------------------+------------------------------------+
; Analysis & Synthesis      ; 00:00:03     ; 1.0                     ; 4642 MB             ; 00:00:02                           ;
; Fitter                    ; 00:00:10     ; 1.0                     ; 4878 MB             ; 00:00:08                           ;
; Assembler                 ; 00:00:04     ; 1.0                     ; 4560 MB             ; 00:00:03                           ;
; TimeQuest Timing Analyzer ; 00:00:04     ; 1.0                     ; 4534 MB             ; 00:00:01                           ;
; EDA Netlist Writer        ; 00:00:00     ; 1.0                     ; 4506 MB             ; 00:00:01                           ;
; EDA Netlist Writer        ; 00:00:01     ; 1.0                     ; 4514 MB             ; 00:00:01                           ;
; EDA Netlist Writer        ; 00:00:01     ; 1.0                     ; 4514 MB             ; 00:00:01                           ;
; Total                     ; 00:00:23     ; --                      ; --                  ; 00:00:17                           ;
+---------------------------+--------------+-------------------------+---------------------+------------------------------------+


+-------------------------------------------------------------------------------------------+
; Flow OS Summary                                                                           ;
+---------------------------+---------------------+-----------+------------+----------------+
; Module Name               ; Machine Hostname    ; OS Name   ; OS Version ; Processor type ;
+---------------------------+---------------------+-----------+------------+----------------+
; Analysis & Synthesis      ; NocturnalPeriwinkle ; Windows 7 ; 6.2        ; x86_64         ;
; Fitter                    ; NocturnalPeriwinkle ; Windows 7 ; 6.2        ; x86_64         ;
; Assembler                 ; NocturnalPeriwinkle ; Windows 7 ; 6.2        ; x86_64         ;
; TimeQuest Timing Analyzer ; NocturnalPeriwinkle ; Windows 7 ; 6.2        ; x86_64         ;
; EDA Netlist Writer        ; NocturnalPeriwinkle ; Windows 7 ; 6.2        ; x86_64         ;
; EDA Netlist Writer        ; NocturnalPeriwinkle ; Windows 7 ; 6.2        ; x86_64         ;
; EDA Netlist Writer        ; NocturnalPeriwinkle ; Windows 7 ; 6.2        ; x86_64         ;
+---------------------------+---------------------+-----------+------------+----------------+


------------
; Flow Log ;
------------
quartus_map --read_settings_files=on --write_settings_files=off counter3 -c counter3
quartus_fit --read_settings_files=off --write_settings_files=off counter3 -c counter3
quartus_asm --read_settings_files=off --write_settings_files=off counter3 -c counter3
quartus_sta counter3 -c counter3
quartus_eda --read_settings_files=off --write_settings_files=off counter3 -c counter3
quartus_eda --gen_testbench --check_outputs=on --tool=modelsim_oem --format=verilog counter3 -c counter3 --vector_source=C:/Users/levyg/Documents/MEGA/Repositories/TopicosEmSistemasDigitais/seven_segment_decoder.vwf --testbench_file=./simulation/qsim/counter3.vt
quartus_eda --functional=on --simulation=on --tool=modelsim_oem --format=verilog counter3 -c counter3



