Analysis & Synthesis report for Memento
Sun May 15 02:17:20 2022
Quartus II 64-Bit Version 13.0.0 Build 156 04/24/2013 SJ Web Edition


---------------------
; Table of Contents ;
---------------------
  1. Legal Notice
  2. Analysis & Synthesis Summary
  3. Analysis & Synthesis Settings
  4. Parallel Compilation
  5. Analysis & Synthesis Source Files Read
  6. Analysis & Synthesis Resource Usage Summary
  7. Analysis & Synthesis Resource Utilization by Entity
  8. User-Specified and Inferred Latches
  9. General Register Statistics
 10. Multiplexer Restructuring Statistics (Restructuring Performed)
 11. Parameter Settings for User Entity Instance: AddSub:ALU
 12. Parameter Settings for User Entity Instance: AddSub:ALU|Adder:SUM
 13. Parameter Settings for User Entity Instance: AddSub:ALU|Subtractor:SUB
 14. Parameter Settings for User Entity Instance: MultiplexerN:MUX
 15. Parameter Settings for User Entity Instance: RegisterN:REG_0
 16. Parameter Settings for User Entity Instance: RegisterN:REG_1
 17. Parameter Settings for User Entity Instance: RegisterN:REG_2
 18. Parameter Settings for User Entity Instance: RegisterN:REG_3
 19. Parameter Settings for User Entity Instance: RegisterN:REG_4
 20. Parameter Settings for User Entity Instance: RegisterN:REG_5
 21. Parameter Settings for User Entity Instance: RegisterN:REG_6
 22. Parameter Settings for User Entity Instance: RegisterN:REG_7
 23. Parameter Settings for User Entity Instance: RegisterN:REG_A
 24. Parameter Settings for User Entity Instance: RegisterN:REG_G
 25. Parameter Settings for User Entity Instance: RegisterN:REG_IR
 26. Port Connectivity Checks: "MultiplexerN:MUX"
 27. Port Connectivity Checks: "AddSub:ALU|Subtractor:SUB"
 28. Port Connectivity Checks: "AddSub:ALU|Adder:SUM"
 29. Port Connectivity Checks: "AddSub:ALU"
 30. Elapsed Time Per Partition
 31. Analysis & Synthesis Messages



----------------
; Legal Notice ;
----------------
Copyright (C) 1991-2013 Altera Corporation
Your use of Altera Corporation's design tools, logic functions 
and other software and tools, and its AMPP partner logic 
functions, and any output files from any of the foregoing 
(including device programming or simulation files), and any 
associated documentation or information are expressly subject 
to the terms and conditions of the Altera Program License 
Subscription Agreement, Altera MegaCore Function License 
Agreement, or other applicable license agreement, including, 
without limitation, that your use is for the sole purpose of 
programming logic devices manufactured by Altera and sold by 
Altera or its authorized distributors.  Please refer to the 
applicable agreement for further details.



+---------------------------------------------------------------------------------+
; Analysis & Synthesis Summary                                                    ;
+------------------------------------+--------------------------------------------+
; Analysis & Synthesis Status        ; Successful - Sun May 15 02:17:20 2022      ;
; Quartus II 64-Bit Version          ; 13.0.0 Build 156 04/24/2013 SJ Web Edition ;
; Revision Name                      ; Memento                                    ;
; Top-level Entity Name              ; Memento                                    ;
; Family                             ; Cyclone II                                 ;
; Total logic elements               ; 322                                        ;
;     Total combinational functions  ; 185                                        ;
;     Dedicated logic registers      ; 171                                        ;
; Total registers                    ; 171                                        ;
; Total pins                         ; 46                                         ;
; Total virtual pins                 ; 0                                          ;
; Total memory bits                  ; 0                                          ;
; Embedded Multiplier 9-bit elements ; 0                                          ;
; Total PLLs                         ; 0                                          ;
+------------------------------------+--------------------------------------------+


+----------------------------------------------------------------------------------------------------------------------+
; Analysis & Synthesis Settings                                                                                        ;
+----------------------------------------------------------------------------+--------------------+--------------------+
; Option                                                                     ; Setting            ; Default Value      ;
+----------------------------------------------------------------------------+--------------------+--------------------+
; Device                                                                     ; EP2C35F672C6       ;                    ;
; Top-level entity name                                                      ; Memento            ; Memento            ;
; Family name                                                                ; Cyclone II         ; Cyclone IV GX      ;
; Use smart compilation                                                      ; Off                ; Off                ;
; Enable parallel Assembler and TimeQuest Timing Analyzer during compilation ; On                 ; On                 ;
; Enable compact report table                                                ; Off                ; Off                ;
; Restructure Multiplexers                                                   ; Auto               ; Auto               ;
; Create Debugging Nodes for IP Cores                                        ; Off                ; Off                ;
; Preserve fewer node names                                                  ; On                 ; On                 ;
; Disable OpenCore Plus hardware evaluation                                  ; Off                ; Off                ;
; Verilog Version                                                            ; Verilog_2001       ; Verilog_2001       ;
; VHDL Version                                                               ; VHDL_1993          ; VHDL_1993          ;
; State Machine Processing                                                   ; Auto               ; Auto               ;
; Safe State Machine                                                         ; Off                ; Off                ;
; Extract Verilog State Machines                                             ; On                 ; On                 ;
; Extract VHDL State Machines                                                ; On                 ; On                 ;
; Ignore Verilog initial constructs                                          ; Off                ; Off                ;
; Iteration limit for constant Verilog loops                                 ; 5000               ; 5000               ;
; Iteration limit for non-constant Verilog loops                             ; 250                ; 250                ;
; Add Pass-Through Logic to Inferred RAMs                                    ; On                 ; On                 ;
; Infer RAMs from Raw Logic                                                  ; On                 ; On                 ;
; Parallel Synthesis                                                         ; On                 ; On                 ;
; DSP Block Balancing                                                        ; Auto               ; Auto               ;
; NOT Gate Push-Back                                                         ; On                 ; On                 ;
; Power-Up Don't Care                                                        ; On                 ; On                 ;
; Remove Redundant Logic Cells                                               ; Off                ; Off                ;
; Remove Duplicate Registers                                                 ; On                 ; On                 ;
; Ignore CARRY Buffers                                                       ; Off                ; Off                ;
; Ignore CASCADE Buffers                                                     ; Off                ; Off                ;
; Ignore GLOBAL Buffers                                                      ; Off                ; Off                ;
; Ignore ROW GLOBAL Buffers                                                  ; Off                ; Off                ;
; Ignore LCELL Buffers                                                       ; Off                ; Off                ;
; Ignore SOFT Buffers                                                        ; On                 ; On                 ;
; Limit AHDL Integers to 32 Bits                                             ; Off                ; Off                ;
; Optimization Technique                                                     ; Balanced           ; Balanced           ;
; Carry Chain Length                                                         ; 70                 ; 70                 ;
; Auto Carry Chains                                                          ; On                 ; On                 ;
; Auto Open-Drain Pins                                                       ; On                 ; On                 ;
; Perform WYSIWYG Primitive Resynthesis                                      ; Off                ; Off                ;
; Auto ROM Replacement                                                       ; On                 ; On                 ;
; Auto RAM Replacement                                                       ; On                 ; On                 ;
; Auto Shift Register Replacement                                            ; Auto               ; Auto               ;
; Allow Shift Register Merging across Hierarchies                            ; Auto               ; Auto               ;
; Auto Clock Enable Replacement                                              ; On                 ; On                 ;
; Strict RAM Replacement                                                     ; Off                ; Off                ;
; Allow Synchronous Control Signals                                          ; On                 ; On                 ;
; Force Use of Synchronous Clear Signals                                     ; Off                ; Off                ;
; Auto RAM to Logic Cell Conversion                                          ; Off                ; Off                ;
; Auto Resource Sharing                                                      ; Off                ; Off                ;
; Allow Any RAM Size For Recognition                                         ; Off                ; Off                ;
; Allow Any ROM Size For Recognition                                         ; Off                ; Off                ;
; Allow Any Shift Register Size For Recognition                              ; Off                ; Off                ;
; Use LogicLock Constraints during Resource Balancing                        ; On                 ; On                 ;
; Ignore translate_off and synthesis_off directives                          ; Off                ; Off                ;
; Timing-Driven Synthesis                                                    ; Off                ; Off                ;
; Report Parameter Settings                                                  ; On                 ; On                 ;
; Report Source Assignments                                                  ; On                 ; On                 ;
; Report Connectivity Checks                                                 ; On                 ; On                 ;
; Ignore Maximum Fan-Out Assignments                                         ; Off                ; Off                ;
; Synchronization Register Chain Length                                      ; 2                  ; 2                  ;
; PowerPlay Power Optimization                                               ; Normal compilation ; Normal compilation ;
; HDL message level                                                          ; Level2             ; Level2             ;
; Suppress Register Optimization Related Messages                            ; Off                ; Off                ;
; Number of Removed Registers Reported in Synthesis Report                   ; 5000               ; 5000               ;
; Number of Swept Nodes Reported in Synthesis Report                         ; 5000               ; 5000               ;
; Number of Inverted Registers Reported in Synthesis Report                  ; 100                ; 100                ;
; Clock MUX Protection                                                       ; On                 ; On                 ;
; Auto Gated Clock Conversion                                                ; Off                ; Off                ;
; Block Design Naming                                                        ; Auto               ; Auto               ;
; SDC constraint protection                                                  ; Off                ; Off                ;
; Synthesis Effort                                                           ; Auto               ; Auto               ;
; Shift Register Replacement - Allow Asynchronous Clear Signal               ; On                 ; On                 ;
; Pre-Mapping Resynthesis Optimization                                       ; Off                ; Off                ;
; Analysis & Synthesis Message Level                                         ; Medium             ; Medium             ;
; Disable Register Merging Across Hierarchies                                ; Auto               ; Auto               ;
; Resource Aware Inference For Block RAM                                     ; On                 ; On                 ;
; Synthesis Seed                                                             ; 1                  ; 1                  ;
+----------------------------------------------------------------------------+--------------------+--------------------+


Parallel compilation was disabled, but you have multiple processors available. Enable parallel compilation to reduce compilation time.
+-------------------------------------+
; Parallel Compilation                ;
+----------------------------+--------+
; Processors                 ; Number ;
+----------------------------+--------+
; Number detected on machine ; 4      ;
; Maximum allowed            ; 1      ;
+----------------------------+--------+


+------------------------------------------------------------------------------------------------------------------------------------------------------------------------------------------------------------+
; Analysis & Synthesis Source Files Read                                                                                                                                                                     ;
+----------------------------------+-----------------+-----------------------+---------------------------------------------------------------------------------------------------------------------+---------+
; File Name with User-Entered Path ; Used in Netlist ; File Type             ; File Name with Absolute Path                                                                                        ; Library ;
+----------------------------------+-----------------+-----------------------+---------------------------------------------------------------------------------------------------------------------+---------+
; memento.vhd                      ; yes             ; Auto-Found VHDL File  ; C:/Users/levyg/Documents/MEGA/Repositories/TopicosEmSistemasDigitais/atividades/atividade3/Memento/memento.vhd      ;         ;
; decoder3to8.vhd                  ; yes             ; Auto-Found VHDL File  ; C:/Users/levyg/Documents/MEGA/Repositories/TopicosEmSistemasDigitais/atividades/atividade3/Memento/decoder3to8.vhd  ;         ;
; upcounter.vhd                    ; yes             ; Auto-Found VHDL File  ; C:/Users/levyg/Documents/MEGA/Repositories/TopicosEmSistemasDigitais/atividades/atividade3/Memento/upcounter.vhd    ;         ;
; addsub.vhd                       ; yes             ; Auto-Found VHDL File  ; C:/Users/levyg/Documents/MEGA/Repositories/TopicosEmSistemasDigitais/atividades/atividade3/Memento/addsub.vhd       ;         ;
; adder.vhd                        ; yes             ; Auto-Found VHDL File  ; C:/Users/levyg/Documents/MEGA/Repositories/TopicosEmSistemasDigitais/atividades/atividade3/Memento/adder.vhd        ;         ;
; subtractor.vhd                   ; yes             ; Auto-Found VHDL File  ; C:/Users/levyg/Documents/MEGA/Repositories/TopicosEmSistemasDigitais/atividades/atividade3/Memento/subtractor.vhd   ;         ;
; multiplexern.vhd                 ; yes             ; Auto-Found VHDL File  ; C:/Users/levyg/Documents/MEGA/Repositories/TopicosEmSistemasDigitais/atividades/atividade3/Memento/multiplexern.vhd ;         ;
; registern.vhd                    ; yes             ; Auto-Found VHDL File  ; C:/Users/levyg/Documents/MEGA/Repositories/TopicosEmSistemasDigitais/atividades/atividade3/Memento/registern.vhd    ;         ;
+----------------------------------+-----------------+-----------------------+---------------------------------------------------------------------------------------------------------------------+---------+


+-----------------------------------------------------+
; Analysis & Synthesis Resource Usage Summary         ;
+---------------------------------------------+-------+
; Resource                                    ; Usage ;
+---------------------------------------------+-------+
; Estimated Total logic elements              ; 322   ;
;                                             ;       ;
; Total combinational functions               ; 185   ;
; Logic element usage by number of LUT inputs ;       ;
;     -- 4 input functions                    ; 123   ;
;     -- 3 input functions                    ; 33    ;
;     -- <=2 input functions                  ; 29    ;
;                                             ;       ;
; Logic elements by mode                      ;       ;
;     -- normal mode                          ; 169   ;
;     -- arithmetic mode                      ; 16    ;
;                                             ;       ;
; Total registers                             ; 171   ;
;     -- Dedicated logic registers            ; 171   ;
;     -- I/O registers                        ; 0     ;
;                                             ;       ;
; I/O pins                                    ; 46    ;
; Embedded Multiplier 9-bit elements          ; 0     ;
; Maximum fan-out node                        ; Clock ;
; Maximum fan-out                             ; 171   ;
; Total fan-out                               ; 1203  ;
; Average fan-out                             ; 2.99  ;
+---------------------------------------------+-------+


+--------------------------------------------------------------------------------------------------------------------------------------------------------------------------------------------+
; Analysis & Synthesis Resource Utilization by Entity                                                                                                                                        ;
+----------------------------+-------------------+--------------+-------------+--------------+---------+-----------+------+--------------+------------------------------------+--------------+
; Compilation Hierarchy Node ; LC Combinationals ; LC Registers ; Memory Bits ; DSP Elements ; DSP 9x9 ; DSP 18x18 ; Pins ; Virtual Pins ; Full Hierarchy Name                ; Library Name ;
+----------------------------+-------------------+--------------+-------------+--------------+---------+-----------+------+--------------+------------------------------------+--------------+
; |Memento                   ; 185 (14)          ; 171 (0)      ; 0           ; 0            ; 0       ; 0         ; 46   ; 0            ; |Memento                           ;              ;
;    |AddSub:ALU|            ; 16 (0)            ; 0 (0)        ; 0           ; 0            ; 0       ; 0         ; 0    ; 0            ; |Memento|AddSub:ALU                ;              ;
;       |Subtractor:SUB|     ; 16 (16)           ; 0 (0)        ; 0           ; 0            ; 0       ; 0         ; 0    ; 0            ; |Memento|AddSub:ALU|Subtractor:SUB ;              ;
;    |Decoder3to8:DEC_Rin|   ; 8 (8)             ; 0 (0)        ; 0           ; 0            ; 0       ; 0         ; 0    ; 0            ; |Memento|Decoder3to8:DEC_Rin       ;              ;
;    |Decoder3to8:DEC_Rout|  ; 12 (12)           ; 0 (0)        ; 0           ; 0            ; 0       ; 0         ; 0    ; 0            ; |Memento|Decoder3to8:DEC_Rout      ;              ;
;    |MultiplexerN:MUX|      ; 116 (116)         ; 0 (0)        ; 0           ; 0            ; 0       ; 0         ; 0    ; 0            ; |Memento|MultiplexerN:MUX          ;              ;
;    |RegisterN:REG_0|       ; 0 (0)             ; 16 (16)      ; 0           ; 0            ; 0       ; 0         ; 0    ; 0            ; |Memento|RegisterN:REG_0           ;              ;
;    |RegisterN:REG_1|       ; 0 (0)             ; 16 (16)      ; 0           ; 0            ; 0       ; 0         ; 0    ; 0            ; |Memento|RegisterN:REG_1           ;              ;
;    |RegisterN:REG_2|       ; 0 (0)             ; 16 (16)      ; 0           ; 0            ; 0       ; 0         ; 0    ; 0            ; |Memento|RegisterN:REG_2           ;              ;
;    |RegisterN:REG_3|       ; 0 (0)             ; 16 (16)      ; 0           ; 0            ; 0       ; 0         ; 0    ; 0            ; |Memento|RegisterN:REG_3           ;              ;
;    |RegisterN:REG_4|       ; 0 (0)             ; 16 (16)      ; 0           ; 0            ; 0       ; 0         ; 0    ; 0            ; |Memento|RegisterN:REG_4           ;              ;
;    |RegisterN:REG_5|       ; 0 (0)             ; 16 (16)      ; 0           ; 0            ; 0       ; 0         ; 0    ; 0            ; |Memento|RegisterN:REG_5           ;              ;
;    |RegisterN:REG_6|       ; 0 (0)             ; 16 (16)      ; 0           ; 0            ; 0       ; 0         ; 0    ; 0            ; |Memento|RegisterN:REG_6           ;              ;
;    |RegisterN:REG_7|       ; 0 (0)             ; 16 (16)      ; 0           ; 0            ; 0       ; 0         ; 0    ; 0            ; |Memento|RegisterN:REG_7           ;              ;
;    |RegisterN:REG_A|       ; 0 (0)             ; 16 (16)      ; 0           ; 0            ; 0       ; 0         ; 0    ; 0            ; |Memento|RegisterN:REG_A           ;              ;
;    |RegisterN:REG_G|       ; 17 (17)           ; 16 (16)      ; 0           ; 0            ; 0       ; 0         ; 0    ; 0            ; |Memento|RegisterN:REG_G           ;              ;
;    |RegisterN:REG_IR|      ; 0 (0)             ; 9 (9)        ; 0           ; 0            ; 0       ; 0         ; 0    ; 0            ; |Memento|RegisterN:REG_IR          ;              ;
;    |UpCounter:CNTR|        ; 2 (2)             ; 2 (2)        ; 0           ; 0            ; 0       ; 0         ; 0    ; 0            ; |Memento|UpCounter:CNTR            ;              ;
+----------------------------+-------------------+--------------+-------------+--------------+---------+-----------+------+--------------+------------------------------------+--------------+
Note: For table entries with two numbers listed, the numbers in parentheses indicate the number of resources of the given type used by the specific entity alone. The numbers listed outside of parentheses indicate the total resources of the given type used by the specific entity and all of its sub-entities in the hierarchy.


+---------------------------------------------------------------------------------------------------+
; User-Specified and Inferred Latches                                                               ;
+----------------------------------------------------+---------------------+------------------------+
; Latch Name                                         ; Latch Enable Signal ; Free of Timing Hazards ;
+----------------------------------------------------+---------------------+------------------------+
; ALU_Mux                                            ; Mux30               ; yes                    ;
; Number of user-specified and inferred latches = 1  ;                     ;                        ;
+----------------------------------------------------+---------------------+------------------------+
Note: All latches listed above may not be present at the end of synthesis due to various synthesis optimizations.


+------------------------------------------------------+
; General Register Statistics                          ;
+----------------------------------------------+-------+
; Statistic                                    ; Value ;
+----------------------------------------------+-------+
; Total registers                              ; 171   ;
; Number of registers using Synchronous Clear  ; 0     ;
; Number of registers using Synchronous Load   ; 0     ;
; Number of registers using Asynchronous Clear ; 0     ;
; Number of registers using Asynchronous Load  ; 0     ;
; Number of registers using Clock Enable       ; 169   ;
; Number of registers using Preset             ; 0     ;
+----------------------------------------------+-------+


+----------------------------------------------------------------------------------------------------------------------------------------------+
; Multiplexer Restructuring Statistics (Restructuring Performed)                                                                               ;
+--------------------+-----------+---------------+----------------------+------------------------+------------+--------------------------------+
; Multiplexer Inputs ; Bus Width ; Baseline Area ; Area if Restructured ; Saving if Restructured ; Registered ; Example Multiplexer Output     ;
+--------------------+-----------+---------------+----------------------+------------------------+------------+--------------------------------+
; 4:1                ; 3 bits    ; 6 LEs         ; 3 LEs                ; 3 LEs                  ; No         ; |Memento|Mux15                 ;
; 129:1              ; 16 bits   ; 1376 LEs      ; 96 LEs               ; 1280 LEs               ; No         ; |Memento|MultiplexerN:MUX|x[0] ;
+--------------------+-----------+---------------+----------------------+------------------------+------------+--------------------------------+


+---------------------------------------------------------+
; Parameter Settings for User Entity Instance: AddSub:ALU ;
+----------------+-------+--------------------------------+
; Parameter Name ; Value ; Type                           ;
+----------------+-------+--------------------------------+
; n              ; 16    ; Signed Integer                 ;
+----------------+-------+--------------------------------+
Note: In order to hide this table in the UI and the text report file, please set the "Show Parameter Settings in Synthesis Report" option in "Analysis and Synthesis Settings -> More Settings" to "Off".


+-------------------------------------------------------------------+
; Parameter Settings for User Entity Instance: AddSub:ALU|Adder:SUM ;
+----------------+-------+------------------------------------------+
; Parameter Name ; Value ; Type                                     ;
+----------------+-------+------------------------------------------+
; n              ; 16    ; Signed Integer                           ;
+----------------+-------+------------------------------------------+
Note: In order to hide this table in the UI and the text report file, please set the "Show Parameter Settings in Synthesis Report" option in "Analysis and Synthesis Settings -> More Settings" to "Off".


+------------------------------------------------------------------------+
; Parameter Settings for User Entity Instance: AddSub:ALU|Subtractor:SUB ;
+----------------+-------+-----------------------------------------------+
; Parameter Name ; Value ; Type                                          ;
+----------------+-------+-----------------------------------------------+
; n              ; 16    ; Signed Integer                                ;
+----------------+-------+-----------------------------------------------+
Note: In order to hide this table in the UI and the text report file, please set the "Show Parameter Settings in Synthesis Report" option in "Analysis and Synthesis Settings -> More Settings" to "Off".


+---------------------------------------------------------------+
; Parameter Settings for User Entity Instance: MultiplexerN:MUX ;
+----------------+-------+--------------------------------------+
; Parameter Name ; Value ; Type                                 ;
+----------------+-------+--------------------------------------+
; n              ; 16    ; Signed Integer                       ;
+----------------+-------+--------------------------------------+
Note: In order to hide this table in the UI and the text report file, please set the "Show Parameter Settings in Synthesis Report" option in "Analysis and Synthesis Settings -> More Settings" to "Off".


+--------------------------------------------------------------+
; Parameter Settings for User Entity Instance: RegisterN:REG_0 ;
+----------------+-------+-------------------------------------+
; Parameter Name ; Value ; Type                                ;
+----------------+-------+-------------------------------------+
; n              ; 16    ; Signed Integer                      ;
+----------------+-------+-------------------------------------+
Note: In order to hide this table in the UI and the text report file, please set the "Show Parameter Settings in Synthesis Report" option in "Analysis and Synthesis Settings -> More Settings" to "Off".


+--------------------------------------------------------------+
; Parameter Settings for User Entity Instance: RegisterN:REG_1 ;
+----------------+-------+-------------------------------------+
; Parameter Name ; Value ; Type                                ;
+----------------+-------+-------------------------------------+
; n              ; 16    ; Signed Integer                      ;
+----------------+-------+-------------------------------------+
Note: In order to hide this table in the UI and the text report file, please set the "Show Parameter Settings in Synthesis Report" option in "Analysis and Synthesis Settings -> More Settings" to "Off".


+--------------------------------------------------------------+
; Parameter Settings for User Entity Instance: RegisterN:REG_2 ;
+----------------+-------+-------------------------------------+
; Parameter Name ; Value ; Type                                ;
+----------------+-------+-------------------------------------+
; n              ; 16    ; Signed Integer                      ;
+----------------+-------+-------------------------------------+
Note: In order to hide this table in the UI and the text report file, please set the "Show Parameter Settings in Synthesis Report" option in "Analysis and Synthesis Settings -> More Settings" to "Off".


+--------------------------------------------------------------+
; Parameter Settings for User Entity Instance: RegisterN:REG_3 ;
+----------------+-------+-------------------------------------+
; Parameter Name ; Value ; Type                                ;
+----------------+-------+-------------------------------------+
; n              ; 16    ; Signed Integer                      ;
+----------------+-------+-------------------------------------+
Note: In order to hide this table in the UI and the text report file, please set the "Show Parameter Settings in Synthesis Report" option in "Analysis and Synthesis Settings -> More Settings" to "Off".


+--------------------------------------------------------------+
; Parameter Settings for User Entity Instance: RegisterN:REG_4 ;
+----------------+-------+-------------------------------------+
; Parameter Name ; Value ; Type                                ;
+----------------+-------+-------------------------------------+
; n              ; 16    ; Signed Integer                      ;
+----------------+-------+-------------------------------------+
Note: In order to hide this table in the UI and the text report file, please set the "Show Parameter Settings in Synthesis Report" option in "Analysis and Synthesis Settings -> More Settings" to "Off".


+--------------------------------------------------------------+
; Parameter Settings for User Entity Instance: RegisterN:REG_5 ;
+----------------+-------+-------------------------------------+
; Parameter Name ; Value ; Type                                ;
+----------------+-------+-------------------------------------+
; n              ; 16    ; Signed Integer                      ;
+----------------+-------+-------------------------------------+
Note: In order to hide this table in the UI and the text report file, please set the "Show Parameter Settings in Synthesis Report" option in "Analysis and Synthesis Settings -> More Settings" to "Off".


+--------------------------------------------------------------+
; Parameter Settings for User Entity Instance: RegisterN:REG_6 ;
+----------------+-------+-------------------------------------+
; Parameter Name ; Value ; Type                                ;
+----------------+-------+-------------------------------------+
; n              ; 16    ; Signed Integer                      ;
+----------------+-------+-------------------------------------+
Note: In order to hide this table in the UI and the text report file, please set the "Show Parameter Settings in Synthesis Report" option in "Analysis and Synthesis Settings -> More Settings" to "Off".


+--------------------------------------------------------------+
; Parameter Settings for User Entity Instance: RegisterN:REG_7 ;
+----------------+-------+-------------------------------------+
; Parameter Name ; Value ; Type                                ;
+----------------+-------+-------------------------------------+
; n              ; 16    ; Signed Integer                      ;
+----------------+-------+-------------------------------------+
Note: In order to hide this table in the UI and the text report file, please set the "Show Parameter Settings in Synthesis Report" option in "Analysis and Synthesis Settings -> More Settings" to "Off".


+--------------------------------------------------------------+
; Parameter Settings for User Entity Instance: RegisterN:REG_A ;
+----------------+-------+-------------------------------------+
; Parameter Name ; Value ; Type                                ;
+----------------+-------+-------------------------------------+
; n              ; 16    ; Signed Integer                      ;
+----------------+-------+-------------------------------------+
Note: In order to hide this table in the UI and the text report file, please set the "Show Parameter Settings in Synthesis Report" option in "Analysis and Synthesis Settings -> More Settings" to "Off".


+--------------------------------------------------------------+
; Parameter Settings for User Entity Instance: RegisterN:REG_G ;
+----------------+-------+-------------------------------------+
; Parameter Name ; Value ; Type                                ;
+----------------+-------+-------------------------------------+
; n              ; 16    ; Signed Integer                      ;
+----------------+-------+-------------------------------------+
Note: In order to hide this table in the UI and the text report file, please set the "Show Parameter Settings in Synthesis Report" option in "Analysis and Synthesis Settings -> More Settings" to "Off".


+---------------------------------------------------------------+
; Parameter Settings for User Entity Instance: RegisterN:REG_IR ;
+----------------+-------+--------------------------------------+
; Parameter Name ; Value ; Type                                 ;
+----------------+-------+--------------------------------------+
; n              ; 9     ; Signed Integer                       ;
+----------------+-------+--------------------------------------+
Note: In order to hide this table in the UI and the text report file, please set the "Show Parameter Settings in Synthesis Report" option in "Analysis and Synthesis Settings -> More Settings" to "Off".


+----------------------------------------------+
; Port Connectivity Checks: "MultiplexerN:MUX" ;
+------+-------+----------+--------------------+
; Port ; Type  ; Severity ; Details            ;
+------+-------+----------+--------------------+
; ena  ; Input ; Info     ; Stuck at VCC       ;
+------+-------+----------+--------------------+


+----------------------------------------------------------------------------------------------------------------+
; Port Connectivity Checks: "AddSub:ALU|Subtractor:SUB"                                                          ;
+------+--------+----------+-------------------------------------------------------------------------------------+
; Port ; Type   ; Severity ; Details                                                                             ;
+------+--------+----------+-------------------------------------------------------------------------------------+
; c    ; Output ; Info     ; Connected to dangling logic. Logic that only feeds a dangling port will be removed. ;
; v    ; Output ; Info     ; Connected to dangling logic. Logic that only feeds a dangling port will be removed. ;
+------+--------+----------+-------------------------------------------------------------------------------------+


+----------------------------------------------------------------------------------------------------------------+
; Port Connectivity Checks: "AddSub:ALU|Adder:SUM"                                                               ;
+------+--------+----------+-------------------------------------------------------------------------------------+
; Port ; Type   ; Severity ; Details                                                                             ;
+------+--------+----------+-------------------------------------------------------------------------------------+
; c    ; Output ; Info     ; Connected to dangling logic. Logic that only feeds a dangling port will be removed. ;
; v    ; Output ; Info     ; Connected to dangling logic. Logic that only feeds a dangling port will be removed. ;
+------+--------+----------+-------------------------------------------------------------------------------------+


+----------------------------------------------------------------------------------------------------------------+
; Port Connectivity Checks: "AddSub:ALU"                                                                         ;
+------+--------+----------+-------------------------------------------------------------------------------------+
; Port ; Type   ; Severity ; Details                                                                             ;
+------+--------+----------+-------------------------------------------------------------------------------------+
; c    ; Output ; Info     ; Connected to dangling logic. Logic that only feeds a dangling port will be removed. ;
; v    ; Output ; Info     ; Connected to dangling logic. Logic that only feeds a dangling port will be removed. ;
+------+--------+----------+-------------------------------------------------------------------------------------+


+-------------------------------+
; Elapsed Time Per Partition    ;
+----------------+--------------+
; Partition Name ; Elapsed Time ;
+----------------+--------------+
; Top            ; 00:00:00     ;
+----------------+--------------+


+-------------------------------+
; Analysis & Synthesis Messages ;
+-------------------------------+
Info: *******************************************************************
Info: Running Quartus II 64-Bit Analysis & Synthesis
    Info: Version 13.0.0 Build 156 04/24/2013 SJ Web Edition
    Info: Processing started: Sun May 15 02:17:16 2022
Info: Command: quartus_map --read_settings_files=on --write_settings_files=off Memento -c Memento
Warning (20028): Parallel compilation is not licensed and has been disabled
Warning (12125): Using design file memento.vhd, which is not specified as a design file for the current project, but contains definitions for 2 design units and 1 entities in project
    Info (12022): Found design unit 1: Memento-Behavior
    Info (12023): Found entity 1: Memento
Info (12127): Elaborating entity "Memento" for the top level hierarchy
Warning (10036): Verilog HDL or VHDL warning at memento.vhd(34): object "C" assigned a value but never read
Warning (10036): Verilog HDL or VHDL warning at memento.vhd(34): object "V" assigned a value but never read
Warning (10492): VHDL Process Statement warning at memento.vhd(96): signal "Run" is read inside the Process Statement but isn't in the Process Statement's sensitivity list
Warning (10492): VHDL Process Statement warning at memento.vhd(109): signal "Run" is read inside the Process Statement but isn't in the Process Statement's sensitivity list
Warning (10492): VHDL Process Statement warning at memento.vhd(113): signal "Rx" is read inside the Process Statement but isn't in the Process Statement's sensitivity list
Warning (10492): VHDL Process Statement warning at memento.vhd(114): signal "Ry" is read inside the Process Statement but isn't in the Process Statement's sensitivity list
Warning (10492): VHDL Process Statement warning at memento.vhd(119): signal "Rx" is read inside the Process Statement but isn't in the Process Statement's sensitivity list
Warning (10492): VHDL Process Statement warning at memento.vhd(124): signal "Rx" is read inside the Process Statement but isn't in the Process Statement's sensitivity list
Warning (10492): VHDL Process Statement warning at memento.vhd(129): signal "Rx" is read inside the Process Statement but isn't in the Process Statement's sensitivity list
Warning (10492): VHDL Process Statement warning at memento.vhd(138): signal "Ry" is read inside the Process Statement but isn't in the Process Statement's sensitivity list
Warning (10492): VHDL Process Statement warning at memento.vhd(143): signal "Ry" is read inside the Process Statement but isn't in the Process Statement's sensitivity list
Warning (10492): VHDL Process Statement warning at memento.vhd(153): signal "Rx" is read inside the Process Statement but isn't in the Process Statement's sensitivity list
Warning (10492): VHDL Process Statement warning at memento.vhd(159): signal "Rx" is read inside the Process Statement but isn't in the Process Statement's sensitivity list
Warning (10631): VHDL Process Statement warning at memento.vhd(93): inferring latch(es) for signal or variable "ALU_Mux", which holds its previous value in one or more paths through the process
Info (10041): Inferred latch for "ALU_Mux" at memento.vhd(93)
Warning (12125): Using design file decoder3to8.vhd, which is not specified as a design file for the current project, but contains definitions for 2 design units and 1 entities in project
    Info (12022): Found design unit 1: Decoder3to8-Behavior
    Info (12023): Found entity 1: Decoder3to8
Info (12128): Elaborating entity "Decoder3to8" for hierarchy "Decoder3to8:DEC_Rin"
Warning (12125): Using design file upcounter.vhd, which is not specified as a design file for the current project, but contains definitions for 2 design units and 1 entities in project
    Info (12022): Found design unit 1: UpCounter-Behavior
    Info (12023): Found entity 1: UpCounter
Info (12128): Elaborating entity "UpCounter" for hierarchy "UpCounter:CNTR"
Warning (12125): Using design file addsub.vhd, which is not specified as a design file for the current project, but contains definitions for 2 design units and 1 entities in project
    Info (12022): Found design unit 1: AddSub-Behavior
    Info (12023): Found entity 1: AddSub
Info (12128): Elaborating entity "AddSub" for hierarchy "AddSub:ALU"
Warning (10541): VHDL Signal Declaration warning at addsub.vhd(11): used implicit default value for signal "C" because signal was never assigned a value or an explicit default value. Use of implicit default value may introduce unintended design optimizations.
Warning (10541): VHDL Signal Declaration warning at addsub.vhd(11): used implicit default value for signal "V" because signal was never assigned a value or an explicit default value. Use of implicit default value may introduce unintended design optimizations.
Warning (10036): Verilog HDL or VHDL warning at addsub.vhd(17): object "CSUM" assigned a value but never read
Warning (10036): Verilog HDL or VHDL warning at addsub.vhd(17): object "CSUB" assigned a value but never read
Warning (10036): Verilog HDL or VHDL warning at addsub.vhd(17): object "VSUM" assigned a value but never read
Warning (10036): Verilog HDL or VHDL warning at addsub.vhd(17): object "VSUB" assigned a value but never read
Warning (12125): Using design file adder.vhd, which is not specified as a design file for the current project, but contains definitions for 2 design units and 1 entities in project
    Info (12022): Found design unit 1: Adder-Behavior
    Info (12023): Found entity 1: Adder
Info (12128): Elaborating entity "Adder" for hierarchy "AddSub:ALU|Adder:SUM"
Warning (12125): Using design file subtractor.vhd, which is not specified as a design file for the current project, but contains definitions for 2 design units and 1 entities in project
    Info (12022): Found design unit 1: Subtractor-Behavior
    Info (12023): Found entity 1: Subtractor
Info (12128): Elaborating entity "Subtractor" for hierarchy "AddSub:ALU|Subtractor:SUB"
Warning (12125): Using design file multiplexern.vhd, which is not specified as a design file for the current project, but contains definitions for 2 design units and 1 entities in project
    Info (12022): Found design unit 1: MultiplexerN-behavior
    Info (12023): Found entity 1: MultiplexerN
Info (12128): Elaborating entity "MultiplexerN" for hierarchy "MultiplexerN:MUX"
Warning (12125): Using design file registern.vhd, which is not specified as a design file for the current project, but contains definitions for 2 design units and 1 entities in project
    Info (12022): Found design unit 1: RegisterN-Behavior
    Info (12023): Found entity 1: RegisterN
Info (12128): Elaborating entity "RegisterN" for hierarchy "RegisterN:REG_0"
Info (12128): Elaborating entity "RegisterN" for hierarchy "RegisterN:REG_IR"
Warning (13046): Tri-state node(s) do not directly drive top-level pin(s)
    Warning (13049): Converted tri-state buffer "Rout_3bit[0]" feeding internal logic into a wire
    Warning (13049): Converted tri-state buffer "Rout_3bit[1]" feeding internal logic into a wire
    Warning (13049): Converted tri-state buffer "Rout_3bit[2]" feeding internal logic into a wire
    Warning (13049): Converted tri-state buffer "Rin_3bit[0]" feeding internal logic into a wire
    Warning (13049): Converted tri-state buffer "Rin_3bit[1]" feeding internal logic into a wire
    Warning (13049): Converted tri-state buffer "Rin_3bit[2]" feeding internal logic into a wire
    Warning (13049): Converted tri-state buffer "AddSub:ALU|Z[0]" feeding internal logic into a wire
    Warning (13049): Converted tri-state buffer "AddSub:ALU|Z[1]" feeding internal logic into a wire
    Warning (13049): Converted tri-state buffer "AddSub:ALU|Z[2]" feeding internal logic into a wire
    Warning (13049): Converted tri-state buffer "AddSub:ALU|Z[3]" feeding internal logic into a wire
    Warning (13049): Converted tri-state buffer "AddSub:ALU|Z[4]" feeding internal logic into a wire
    Warning (13049): Converted tri-state buffer "AddSub:ALU|Z[5]" feeding internal logic into a wire
    Warning (13049): Converted tri-state buffer "AddSub:ALU|Z[6]" feeding internal logic into a wire
    Warning (13049): Converted tri-state buffer "AddSub:ALU|Z[7]" feeding internal logic into a wire
    Warning (13049): Converted tri-state buffer "AddSub:ALU|Z[8]" feeding internal logic into a wire
    Warning (13049): Converted tri-state buffer "AddSub:ALU|Z[9]" feeding internal logic into a wire
    Warning (13049): Converted tri-state buffer "AddSub:ALU|Z[10]" feeding internal logic into a wire
    Warning (13049): Converted tri-state buffer "AddSub:ALU|Z[11]" feeding internal logic into a wire
    Warning (13049): Converted tri-state buffer "AddSub:ALU|Z[12]" feeding internal logic into a wire
    Warning (13049): Converted tri-state buffer "AddSub:ALU|Z[13]" feeding internal logic into a wire
    Warning (13049): Converted tri-state buffer "AddSub:ALU|Z[14]" feeding internal logic into a wire
    Warning (13049): Converted tri-state buffer "AddSub:ALU|Z[15]" feeding internal logic into a wire
Warning (13044): Always-enabled tri-state buffer(s) removed
    Warning (13045): Converted the fanout from the always-enabled tri-state buffer "MultiplexerN:MUX|y[0]" to the node "BusWires[0]" into a wire
    Warning (13045): Converted the fanout from the always-enabled tri-state buffer "MultiplexerN:MUX|y[1]" to the node "BusWires[1]" into a wire
    Warning (13045): Converted the fanout from the always-enabled tri-state buffer "MultiplexerN:MUX|y[2]" to the node "BusWires[2]" into a wire
    Warning (13045): Converted the fanout from the always-enabled tri-state buffer "MultiplexerN:MUX|y[3]" to the node "BusWires[3]" into a wire
    Warning (13045): Converted the fanout from the always-enabled tri-state buffer "MultiplexerN:MUX|y[4]" to the node "BusWires[4]" into a wire
    Warning (13045): Converted the fanout from the always-enabled tri-state buffer "MultiplexerN:MUX|y[5]" to the node "BusWires[5]" into a wire
    Warning (13045): Converted the fanout from the always-enabled tri-state buffer "MultiplexerN:MUX|y[6]" to the node "BusWires[6]" into a wire
    Warning (13045): Converted the fanout from the always-enabled tri-state buffer "MultiplexerN:MUX|y[7]" to the node "BusWires[7]" into a wire
    Warning (13045): Converted the fanout from the always-enabled tri-state buffer "MultiplexerN:MUX|y[8]" to the node "BusWires[8]" into a wire
    Warning (13045): Converted the fanout from the always-enabled tri-state buffer "MultiplexerN:MUX|y[9]" to the node "BusWires[9]" into a wire
    Warning (13045): Converted the fanout from the always-enabled tri-state buffer "MultiplexerN:MUX|y[10]" to the node "BusWires[10]" into a wire
    Warning (13045): Converted the fanout from the always-enabled tri-state buffer "MultiplexerN:MUX|y[11]" to the node "BusWires[11]" into a wire
    Warning (13045): Converted the fanout from the always-enabled tri-state buffer "MultiplexerN:MUX|y[12]" to the node "BusWires[12]" into a wire
    Warning (13045): Converted the fanout from the always-enabled tri-state buffer "MultiplexerN:MUX|y[13]" to the node "BusWires[13]" into a wire
    Warning (13045): Converted the fanout from the always-enabled tri-state buffer "MultiplexerN:MUX|y[14]" to the node "BusWires[14]" into a wire
    Warning (13045): Converted the fanout from the always-enabled tri-state buffer "MultiplexerN:MUX|y[15]" to the node "BusWires[15]" into a wire
Warning (13046): Tri-state node(s) do not directly drive top-level pin(s)
    Warning (13047): Converted the fan-out from the tri-state buffer "MultiplexerN:MUX|y[0]" to the node "RegisterN:REG_0|Q[0]" into an OR gate
    Warning (13047): Converted the fan-out from the tri-state buffer "MultiplexerN:MUX|y[1]" to the node "RegisterN:REG_0|Q[1]" into an OR gate
    Warning (13047): Converted the fan-out from the tri-state buffer "MultiplexerN:MUX|y[2]" to the node "RegisterN:REG_0|Q[2]" into an OR gate
    Warning (13047): Converted the fan-out from the tri-state buffer "MultiplexerN:MUX|y[3]" to the node "RegisterN:REG_0|Q[3]" into an OR gate
    Warning (13047): Converted the fan-out from the tri-state buffer "MultiplexerN:MUX|y[4]" to the node "RegisterN:REG_0|Q[4]" into an OR gate
    Warning (13047): Converted the fan-out from the tri-state buffer "MultiplexerN:MUX|y[5]" to the node "RegisterN:REG_0|Q[5]" into an OR gate
    Warning (13047): Converted the fan-out from the tri-state buffer "MultiplexerN:MUX|y[6]" to the node "RegisterN:REG_0|Q[6]" into an OR gate
    Warning (13047): Converted the fan-out from the tri-state buffer "MultiplexerN:MUX|y[7]" to the node "RegisterN:REG_0|Q[7]" into an OR gate
    Warning (13047): Converted the fan-out from the tri-state buffer "MultiplexerN:MUX|y[8]" to the node "RegisterN:REG_0|Q[8]" into an OR gate
    Warning (13047): Converted the fan-out from the tri-state buffer "MultiplexerN:MUX|y[9]" to the node "RegisterN:REG_0|Q[9]" into an OR gate
    Warning (13047): Converted the fan-out from the tri-state buffer "MultiplexerN:MUX|y[10]" to the node "RegisterN:REG_0|Q[10]" into an OR gate
    Warning (13047): Converted the fan-out from the tri-state buffer "MultiplexerN:MUX|y[11]" to the node "RegisterN:REG_0|Q[11]" into an OR gate
    Warning (13047): Converted the fan-out from the tri-state buffer "MultiplexerN:MUX|y[12]" to the node "RegisterN:REG_0|Q[12]" into an OR gate
    Warning (13047): Converted the fan-out from the tri-state buffer "MultiplexerN:MUX|y[13]" to the node "RegisterN:REG_0|Q[13]" into an OR gate
    Warning (13047): Converted the fan-out from the tri-state buffer "MultiplexerN:MUX|y[14]" to the node "RegisterN:REG_0|Q[14]" into an OR gate
    Warning (13047): Converted the fan-out from the tri-state buffer "MultiplexerN:MUX|y[15]" to the node "RegisterN:REG_0|Q[15]" into an OR gate
Info (16010): Generating hard_block partition "hard_block:auto_generated_inst"
    Info (16011): Adding 0 node(s), including 0 DDIO, 0 PLL, 0 transceiver and 0 LCELL
Info (21057): Implemented 384 device resources after synthesis - the final resource count might be different
    Info (21058): Implemented 19 input pins
    Info (21059): Implemented 27 output pins
    Info (21061): Implemented 338 logic cells
Info: Quartus II 64-Bit Analysis & Synthesis was successful. 0 errors, 86 warnings
    Info: Peak virtual memory: 4634 megabytes
    Info: Processing ended: Sun May 15 02:17:20 2022
    Info: Elapsed time: 00:00:04
    Info: Total CPU time (on all processors): 00:00:03


