Flow report for buffered_mux
Mon Apr 18 19:58:48 2022
Quartus II 64-Bit Version 13.0.0 Build 156 04/24/2013 SJ Web Edition


---------------------
; Table of Contents ;
---------------------
  1. Legal Notice
  2. Flow Summary
  3. Flow Settings
  4. Flow Non-Default Global Settings
  5. Flow Elapsed Time
  6. Flow OS Summary
  7. Flow Log
  8. Flow Messages
  9. Flow Suppressed Messages



----------------
; Legal Notice ;
----------------
Copyright (C) 1991-2013 Altera Corporation
Your use of Altera Corporation's design tools, logic functions 
and other software and tools, and its AMPP partner logic 
functions, and any output files from any of the foregoing 
(including device programming or simulation files), and any 
associated documentation or information are expressly subject 
to the terms and conditions of the Altera Program License 
Subscription Agreement, Altera MegaCore Function License 
Agreement, or other applicable license agreement, including, 
without limitation, that your use is for the sole purpose of 
programming logic devices manufactured by Altera and sold by 
Altera or its authorized distributors.  Please refer to the 
applicable agreement for further details.



+---------------------------------------------------------------------------------+
; Flow Summary                                                                    ;
+------------------------------------+--------------------------------------------+
; Flow Status                        ; Successful - Mon Apr 18 19:58:48 2022      ;
; Quartus II 64-Bit Version          ; 13.0.0 Build 156 04/24/2013 SJ Web Edition ;
; Revision Name                      ; buffered_mux                               ;
; Top-level Entity Name              ; buffered_mux                               ;
; Family                             ; Cyclone IV GX                              ;
; Total logic elements               ; 16 / 21,280 ( < 1 % )                      ;
;     Total combinational functions  ; 16 / 21,280 ( < 1 % )                      ;
;     Dedicated logic registers      ; 0 / 21,280 ( 0 % )                         ;
; Total registers                    ; 0                                          ;
; Total pins                         ; 43 / 167 ( 26 % )                          ;
; Total virtual pins                 ; 0                                          ;
; Total memory bits                  ; 0 / 774,144 ( 0 % )                        ;
; Embedded Multiplier 9-bit elements ; 0 / 80 ( 0 % )                             ;
; Total GXB Receiver Channel PCS     ; 0 / 4 ( 0 % )                              ;
; Total GXB Receiver Channel PMA     ; 0 / 4 ( 0 % )                              ;
; Total GXB Transmitter Channel PCS  ; 0 / 4 ( 0 % )                              ;
; Total GXB Transmitter Channel PMA  ; 0 / 4 ( 0 % )                              ;
; Total PLLs                         ; 0 / 4 ( 0 % )                              ;
; Device                             ; EP4CGX22CF19C6                             ;
; Timing Models                      ; Final                                      ;
+------------------------------------+--------------------------------------------+


+-----------------------------------------+
; Flow Settings                           ;
+-------------------+---------------------+
; Option            ; Setting             ;
+-------------------+---------------------+
; Start date & time ; 04/18/2022 19:42:37 ;
; Main task         ; Compilation         ;
; Revision Name     ; buffered_mux        ;
+-------------------+---------------------+


+---------------------------------------------------------------------------------------------------------------------+
; Flow Non-Default Global Settings                                                                                    ;
+-------------------------------------+--------------------------------+---------------+-------------+----------------+
; Assignment Name                     ; Value                          ; Default Value ; Entity Name ; Section Id     ;
+-------------------------------------+--------------------------------+---------------+-------------+----------------+
; COMPILER_SIGNATURE_ID               ; 18587653859083.165032175711728 ; --            ; --          ; --             ;
; EDA_OUTPUT_DATA_FORMAT              ; Vhdl                           ; --            ; --          ; eda_simulation ;
; EDA_SIMULATION_TOOL                 ; ModelSim-Altera (VHDL)         ; <None>        ; --          ; --             ;
; PARTITION_COLOR                     ; 16764057                       ; --            ; --          ; Top            ;
; PARTITION_FITTER_PRESERVATION_LEVEL ; PLACEMENT_AND_ROUTING          ; --            ; --          ; Top            ;
; PARTITION_NETLIST_TYPE              ; SOURCE                         ; --            ; --          ; Top            ;
; PROJECT_OUTPUT_DIRECTORY            ; output_files                   ; --            ; --          ; --             ;
+-------------------------------------+--------------------------------+---------------+-------------+----------------+


+-------------------------------------------------------------------------------------------------------------------------------+
; Flow Elapsed Time                                                                                                             ;
+---------------------------+--------------+-------------------------+---------------------+------------------------------------+
; Module Name               ; Elapsed Time ; Average Processors Used ; Peak Virtual Memory ; Total CPU Time (on all processors) ;
+---------------------------+--------------+-------------------------+---------------------+------------------------------------+
; Analysis & Synthesis      ; 00:00:02     ; 1.0                     ; 4672 MB             ; 00:00:02                           ;
; Fitter                    ; 00:00:15     ; 1.0                     ; 5000 MB             ; 00:00:10                           ;
; Assembler                 ; 00:00:03     ; 1.0                     ; 4595 MB             ; 00:00:02                           ;
; TimeQuest Timing Analyzer ; 00:00:04     ; 1.0                     ; 4597 MB             ; 00:00:03                           ;
; EDA Netlist Writer        ; 00:00:02     ; 1.0                     ; 4557 MB             ; 00:00:01                           ;
; EDA Netlist Writer        ; 00:00:01     ; 1.0                     ; 4560 MB             ; 00:00:01                           ;
; EDA Netlist Writer        ; 00:00:01     ; 1.0                     ; 4576 MB             ; 00:00:01                           ;
; EDA Netlist Writer        ; 00:00:00     ; 1.0                     ; 4560 MB             ; 00:00:01                           ;
; EDA Netlist Writer        ; 00:00:01     ; 1.0                     ; 4576 MB             ; 00:00:01                           ;
; Total                     ; 00:00:29     ; --                      ; --                  ; 00:00:22                           ;
+---------------------------+--------------+-------------------------+---------------------+------------------------------------+


+-------------------------------------------------------------------------------------------+
; Flow OS Summary                                                                           ;
+---------------------------+---------------------+-----------+------------+----------------+
; Module Name               ; Machine Hostname    ; OS Name   ; OS Version ; Processor type ;
+---------------------------+---------------------+-----------+------------+----------------+
; Analysis & Synthesis      ; NocturnalPeriwinkle ; Windows 7 ; 6.2        ; x86_64         ;
; Fitter                    ; NocturnalPeriwinkle ; Windows 7 ; 6.2        ; x86_64         ;
; Assembler                 ; NocturnalPeriwinkle ; Windows 7 ; 6.2        ; x86_64         ;
; TimeQuest Timing Analyzer ; NocturnalPeriwinkle ; Windows 7 ; 6.2        ; x86_64         ;
; EDA Netlist Writer        ; NocturnalPeriwinkle ; Windows 7 ; 6.2        ; x86_64         ;
; EDA Netlist Writer        ; NocturnalPeriwinkle ; Windows 7 ; 6.2        ; x86_64         ;
; EDA Netlist Writer        ; NocturnalPeriwinkle ; Windows 7 ; 6.2        ; x86_64         ;
; EDA Netlist Writer        ; NocturnalPeriwinkle ; Windows 7 ; 6.2        ; x86_64         ;
; EDA Netlist Writer        ; NocturnalPeriwinkle ; Windows 7 ; 6.2        ; x86_64         ;
+---------------------------+---------------------+-----------+------------+----------------+


------------
; Flow Log ;
------------
quartus_map --read_settings_files=on --write_settings_files=off buffered_mux -c buffered_mux
quartus_fit --read_settings_files=off --write_settings_files=off buffered_mux -c buffered_mux
quartus_asm --read_settings_files=off --write_settings_files=off buffered_mux -c buffered_mux
quartus_sta buffered_mux -c buffered_mux
quartus_eda --read_settings_files=off --write_settings_files=off buffered_mux -c buffered_mux
quartus_eda --gen_testbench --check_outputs=on --tool=modelsim_oem --format=verilog buffered_mux -c buffered_mux --vector_source=C:/Users/levyg/Documents/MEGA/Repositories/TopicosEmSistemasDigitais/aulas/buffered_mux/buffered_mux.vwf --testbench_file=./simulation/qsim/buffered_mux.vt
quartus_eda --functional=off --timescale=1ps --simulation=on --tool=modelsim_oem --format=verilog buffered_mux -c buffered_mux
quartus_eda --gen_testbench --check_outputs=on --tool=modelsim_oem --format=verilog buffered_mux -c buffered_mux --vector_source=C:/Users/levyg/Documents/MEGA/Repositories/TopicosEmSistemasDigitais/aulas/buffered_mux/buffered_mux.vwf --testbench_file=./simulation/qsim/buffered_mux.vt
quartus_eda --functional=off --timescale=1ps --simulation=on --tool=modelsim_oem --format=verilog buffered_mux -c buffered_mux



